#
# A fatal error has been detected by the Java Runtime Environment:
#
#  SIGSEGV (0xb) at pc=0x000000010d106b23, pid=650, tid=3335
#
# JRE version: Java(TM) SE Runtime Environment (8.0_45-b14) (build 1.8.0_45-b14)
# Java VM: Java HotSpot(TM) 64-Bit Server VM (25.45-b02 mixed mode bsd-amd64 compressed oops)
# Problematic frame:
# V  [libjvm.dylib+0x306b23]  jni_GetObjectClass+0x65
#
# Failed to write core dump. Core dumps have been disabled. To enable core dumping, try "ulimit -c unlimited" before starting Java again
#
# If you would like to submit a bug report, please visit:
#   http://bugreport.java.com/bugreport/crash.jsp
#

---------------  T H R E A D  ---------------

Current thread (0x00007f966a018800):  JavaThread "AppKit Thread" daemon [_thread_in_vm, id=3335, stack(0x00007fff52f67000,0x00007fff53767000)]

siginfo: si_signo: 11 (SIGSEGV), si_code: 1 (SEGV_MAPERR), si_addr: 0x0000000000000000

Registers:
RAX=0x000000010d6b8494, RBX=0x0000000000000000, RCX=0x000000010d5fa190, RDX=0x0000000000000000
RSP=0x00007fff53763ec0, RBP=0x00007fff53763f10, RSI=0x0000000000000000, RDI=0x00007f966a0189f8
R8 =0x000000000000008c, R9 =0x00007fff7321a428, R10=0x0000000000000002, R11=0x00007fff86884a80
R12=0x00007f9669e99da0, R13=0x00007f9669f5e290, R14=0x00007f966a0189f8, R15=0x00007f966a018800
RIP=0x000000010d106b23, EFLAGS=0x0000000000010202, ERR=0x0000000000000004
  TRAPNO=0x000000000000000e

Top of Stack: (sp=0x00007fff53763ec0)
0x00007fff53763ec0:   0000000000000002 00007f966a018800
0x00007fff53763ed0:   0000000000000000 0000000000000000
0x00007fff53763ee0:   0000000000000000 00007f966a018800
0x00007fff53763ef0:   00007f966a018800 00007f9669e99da0
0x00007fff53763f00:   00007f9669f5c1d0 00007f966a0189f8
0x00007fff53763f10:   00007fff53763f70 000000012643b3a7
0x00007fff53763f20:   0000000000000002 0000000000000000
0x00007fff53763f30:   00000000038401f6 0000000000000000
0x00007fff53763f40:   40b0ab4775648a5d 00007f9669f5c1d0
0x00007fff53763f50:   00007f9669e99da0 00007f9669f5e290
0x00007fff53763f60:   00007fff8269f080 0000000000000016
0x00007fff53763f70:   00007fff537641c0 00007fff868a1cc1
0x00007fff53763f80:   0000000000012068 00007fff5376403c
0x00007fff53763f90:   00007fff53764020 00007fff89cb44a9
0x00007fff53763fa0:   00007fff870cbfdc 00007fff53764044
0x00007fff53763fb0:   00007fff53764040 0000000000000000
0x00007fff53763fc0:   00007fff5376403c 00007f9669c13cfc
0x00007fff53763fd0:   0000000000000000 00007fff89cb44a9
0x00007fff53763fe0:   0000000000000000 00007fff71f35738
0x00007fff53763ff0:   000000012646ec88 00007fff731cbfa8
0x00007fff53764000:   00007fff537640a0 0000000000000100
0x00007fff53764010:   00007fff71f35748 00007fff71f3574c
0x00007fff53764020:   0000000071f311b8 00007fff71f35738
0x00007fff53764030:   0000000069e99da0 00007fff71f35750
0x00007fff53764040:   0000000000000000 0000000000350480
0x00007fff53764050:   0035040071f311a0 0000000000000000
0x00007fff53764060:   00007fff71f3574c 00007fff71f35750
0x00007fff53764070:   00007fff71f35748 00007fff7311c5f8
0x00007fff53764080:   00007fff868a0e38 00007fff870d2606
0x00007fff53764090:   000000012646ec88 00007fff731cbfa8
0x00007fff537640a0:   00007fff537640f0 00007fff826ac3a9
0x00007fff537640b0:   01007fff537641c0 00007f9669f5e290 

Instructions: (pc=0x000000010d106b23)
0x000000010d106b03:   74 09 48 8d 7d b8 e8 6e 44 19 00 4c 89 f7 48 89
0x000000010d106b13:   de 90 0f 1f 40 00 48 8d 05 74 19 5b 00 80 38 00
0x000000010d106b23:   48 8b 03 74 15 48 8d 15 f1 e9 50 00 8a 4a 08 8b
0x000000010d106b33:   40 08 48 d3 e0 48 03 02 eb 04 48 8b 40 08 48 8b 

Register to memory mapping:

RAX=0x000000010d6b8494: UseCompressedClassPointers+0 in /Library/Java/JavaVirtualMachines/jdk1.8.0_45.jdk/Contents/Home/jre/lib/server/libjvm.dylib at 0x000000010ce00000
RBX=0x0000000000000000 is an unknown value
RCX=0x000000010d5fa190: UseMembar+0 in /Library/Java/JavaVirtualMachines/jdk1.8.0_45.jdk/Contents/Home/jre/lib/server/libjvm.dylib at 0x000000010ce00000
RDX=0x0000000000000000 is an unknown value
RSP=0x00007fff53763ec0 is pointing into the stack for thread: 0x00007f966a018800
RBP=0x00007fff53763f10 is pointing into the stack for thread: 0x00007f966a018800
RSI=0x0000000000000000 is an unknown value
RDI=0x00007f966a0189f8 is an unknown value
R8 =0x000000000000008c is an unknown value
R9 =0x00007fff7321a428: -[NSApplication(NSQuietSafeQuit) _updateCanQuitQuietlyAndSafely].sLastStashedValue+0x400e8 in /System/Library/Frameworks/AppKit.framework/Versions/C/AppKit at 0x00007fff8667b000
R10=0x0000000000000002 is an unknown value
R11=0x00007fff86884a80: -[NSEvent timestamp]+0 in /System/Library/Frameworks/AppKit.framework/Versions/C/AppKit at 0x00007fff8667b000
R12=0x00007f9669e99da0 is an unknown value
R13=0x00007f9669f5e290 is an unknown value
R14=0x00007f966a0189f8 is an unknown value
R15=0x00007f966a018800 is a thread


Stack: [0x00007fff52f67000,0x00007fff53767000],  sp=0x00007fff53763ec0,  free space=8179k
Native frames: (J=compiled Java code, j=interpreted, Vv=VM code, C=native code)
V  [libjvm.dylib+0x306b23]  jni_GetObjectClass+0x65
C  [liblwjgl.dylib+0xb3a7]  -[MacOSXOpenGLView scrollWheel:]+0x77
C  [AppKit+0x226cc1]  -[NSWindow sendEvent:]+0xe89
C  [AppKit+0x1c752b]  -[NSApplication sendEvent:]+0x73c
C  [libosxapp.dylib+0x23ac]  -[NSApplicationAWT sendEvent:]+0x109
C  [AppKit+0x179f9]  -[NSApplication run]+0x286
C  [libosxapp.dylib+0x223e]  +[NSApplicationAWT runAWTLoopWithApp:]+0x9c
C  [libawt_lwawt.dylib+0x4462b]  -[AWTStarter starter:]+0x389
C  [Foundation+0x637ce]  __NSThreadPerformPerform+0xe5
C  [CoreFoundation+0x7f5b1]  __CFRUNLOOP_IS_CALLING_OUT_TO_A_SOURCE0_PERFORM_FUNCTION__+0x11
C  [CoreFoundation+0x70c62]  __CFRunLoopDoSources0+0xf2
C  [CoreFoundation+0x703ef]  __CFRunLoopRun+0x33f
C  [CoreFoundation+0x6fe75]  CFRunLoopRunSpecific+0x135
C  [java+0x6490]  CreateExecutionEnvironment+0x367
C  [java+0x221c]  JLI_Launch+0x7a0
C  [java+0x84ed]  main+0x65
C  [java+0x1a74]  start+0x34
C  0x0000000000000005


---------------  P R O C E S S  ---------------

Java Threads: ( => current thread )
  0x00007f966b14d800 JavaThread "DestroyJavaVM" [_thread_blocked, id=6403, stack(0x000000010dd6a000,0x000000010de6a000)]
  0x00007f966a050000 JavaThread "LWJGL Application" [_thread_in_native, id=62979, stack(0x0000000126864000,0x0000000126964000)]
  0x00007f966b0de800 JavaThread "AWT-Shutdown" [_thread_blocked, id=28427, stack(0x0000000123b29000,0x0000000123c29000)]
=>0x00007f966a018800 JavaThread "AppKit Thread" daemon [_thread_in_vm, id=3335, stack(0x00007fff52f67000,0x00007fff53767000)]
  0x00007f966b01c800 JavaThread "Service Thread" daemon [_thread_blocked, id=19715, stack(0x0000000121edc000,0x0000000121fdc000)]
  0x00007f966a01f000 JavaThread "C1 CompilerThread2" daemon [_thread_blocked, id=19203, stack(0x0000000121dd9000,0x0000000121ed9000)]
  0x00007f966a00c000 JavaThread "C2 CompilerThread1" daemon [_thread_blocked, id=18691, stack(0x0000000121cd6000,0x0000000121dd6000)]
  0x00007f966b014800 JavaThread "C2 CompilerThread0" daemon [_thread_blocked, id=18179, stack(0x0000000121bd3000,0x0000000121cd3000)]
  0x00007f966b01b800 JavaThread "Signal Dispatcher" daemon [_thread_blocked, id=17667, stack(0x0000000121ad0000,0x0000000121bd0000)]
  0x00007f966a80a800 JavaThread "Finalizer" daemon [_thread_blocked, id=12547, stack(0x0000000121881000,0x0000000121981000)]
  0x00007f966a800000 JavaThread "Reference Handler" daemon [_thread_blocked, id=12035, stack(0x000000012177e000,0x000000012187e000)]

Other Threads:
  0x00007f966a00a800 VMThread [stack: 0x000000012167b000,0x000000012177b000] [id=11523]
  0x00007f966a80e000 WatcherThread [stack: 0x0000000121fdf000,0x00000001220df000] [id=20227]

VM state:not at safepoint (normal execution)

VM Mutex/Monitor currently owned by a thread: None

Heap:
 PSYoungGen      total 18944K, used 7928K [0x00000007aab00000, 0x00000007ac000000, 0x00000007c0000000)
  eden space 16384K, 48% used [0x00000007aab00000,0x00000007ab2be250,0x00000007abb00000)
  from space 2560K, 0% used [0x00000007abd80000,0x00000007abd80000,0x00000007ac000000)
  to   space 2560K, 0% used [0x00000007abb00000,0x00000007abb00000,0x00000007abd80000)
 ParOldGen       total 44032K, used 0K [0x0000000780000000, 0x0000000782b00000, 0x00000007aab00000)
  object space 44032K, 0% used [0x0000000780000000,0x0000000780000000,0x0000000782b00000)
 Metaspace       used 6048K, capacity 6196K, committed 6400K, reserved 1056768K
  class space    used 648K, capacity 718K, committed 768K, reserved 1048576K

Card table byte_map: [0x000000011d235000,0x000000011d436000] byte_map_base: 0x0000000119635000

Marking Bits: (ParMarkBitMap*) 0x000000010d6c27a0
 Begin Bits: [0x000000011d998000, 0x000000011e998000)
 End Bits:   [0x000000011e998000, 0x000000011f998000)

Polling page: 0x000000010c5f1000

CodeCache: size=245760Kb used=2046Kb max_used=2046Kb free=243713Kb
 bounds [0x000000010de75000, 0x000000010e0e5000, 0x000000011ce75000]
 total_blobs=742 nmethods=431 adapters=225
 compilation: enabled

Compilation events (10 events):
Event: 2.421 Thread 0x00007f966a01f000  418       3       java.util.jar.JarFile::maybeInstantiateVerifier (96 bytes)
Event: 2.422 Thread 0x00007f966a01f000 nmethod 418 0x000000010e06db90 code [0x000000010e06ddc0, 0x000000010e06ea68]
Event: 2.492 Thread 0x00007f966a01f000  420       3       sun.misc.URLClassPath::getResource (83 bytes)
Event: 2.493 Thread 0x00007f966a01f000 nmethod 420 0x000000010e06f050 code [0x000000010e06f200, 0x000000010e06f5c8]
Event: 2.693 Thread 0x00007f966a01f000  421   !   3       java.net.URLClassLoader::findClass (47 bytes)
Event: 2.694 Thread 0x00007f966a01f000 nmethod 421 0x000000010e06f750 code [0x000000010e06f900, 0x000000010e06fed8]
Event: 2.694 Thread 0x00007f966a01f000  422       3       java.net.URLClassLoader$1::<init> (15 bytes)
Event: 2.694 Thread 0x00007f966a01f000 nmethod 422 0x000000010e070110 code [0x000000010e070280, 0x000000010e070470]
Event: 2.694 Thread 0x00007f966a01f000  423  s    3       sun.misc.Resource::cachedInputStream (20 bytes)
Event: 2.695 Thread 0x00007f966a01f000 nmethod 423 0x000000010e070510 code [0x000000010e070680, 0x000000010e070a68]

GC Heap History (0 events):
No events

Deoptimization events (1 events):
Event: 2.075 Thread 0x00007f966a018800 Uncommon trap: reason=unstable_if action=reinterpret pc=0x000000010dfbb840 method=java.lang.String.indexOf(II)I @ 49

Internal exceptions (10 events):
Event: 1.943 Thread 0x00007f966b807800 Exception <a 'java/io/FileNotFoundException'> (0x00000007aae79d00) thrown at [/Users/java_re/workspace/8-2-build-macosx-x86_64/jdk8u45/3457/hotspot/src/share/vm/prims/jni.cpp, line 709]
Event: 1.943 Thread 0x00007f966b807800 Exception <a 'java/io/FileNotFoundException'> (0x00000007aae7a838) thrown at [/Users/java_re/workspace/8-2-build-macosx-x86_64/jdk8u45/3457/hotspot/src/share/vm/prims/jni.cpp, line 709]
Event: 2.080 Thread 0x00007f966b807800 Exception <a 'java/security/PrivilegedActionException'> (0x00000007aaee1160) thrown at [/Users/java_re/workspace/8-2-build-macosx-x86_64/jdk8u45/3457/hotspot/src/share/vm/prims/jvm.cpp, line 1382]
Event: 2.080 Thread 0x00007f966b807800 Exception <a 'java/security/PrivilegedActionException'> (0x00000007aaee2d88) thrown at [/Users/java_re/workspace/8-2-build-macosx-x86_64/jdk8u45/3457/hotspot/src/share/vm/prims/jvm.cpp, line 1382]
Event: 2.080 Thread 0x00007f966b807800 Exception <a 'java/security/PrivilegedActionException'> (0x00000007aaee3e48) thrown at [/Users/java_re/workspace/8-2-build-macosx-x86_64/jdk8u45/3457/hotspot/src/share/vm/prims/jvm.cpp, line 1382]
Event: 2.081 Thread 0x00007f966b807800 Exception <a 'java/security/PrivilegedActionException'> (0x00000007aaee8e40) thrown at [/Users/java_re/workspace/8-2-build-macosx-x86_64/jdk8u45/3457/hotspot/src/share/vm/prims/jvm.cpp, line 1382]
Event: 2.081 Thread 0x00007f966b807800 Exception <a 'java/security/PrivilegedActionException'> (0x00000007aaee99e8) thrown at [/Users/java_re/workspace/8-2-build-macosx-x86_64/jdk8u45/3457/hotspot/src/share/vm/prims/jvm.cpp, line 1382]
Event: 2.081 Thread 0x00007f966b807800 Exception <a 'java/security/PrivilegedActionException'> (0x00000007aaeea560) thrown at [/Users/java_re/workspace/8-2-build-macosx-x86_64/jdk8u45/3457/hotspot/src/share/vm/prims/jvm.cpp, line 1382]
Event: 2.139 Thread 0x00007f966a018800 Exception <a 'java/lang/NoSuchFieldError': method resolution failed> (0x00000007aafb16d0) thrown at [/Users/java_re/workspace/8-2-build-macosx-x86_64/jdk8u45/3457/hotspot/src/share/vm/prims/methodHandles.cpp, line 1125]
Event: 2.151 Thread 0x00007f966a018800 Exception <a 'java/lang/NoSuchFieldError': method resolution failed> (0x00000007aafbfd40) thrown at [/Users/java_re/workspace/8-2-build-macosx-x86_64/jdk8u45/3457/hotspot/src/share/vm/prims/methodHandles.cpp, line 1125]

Events (10 events):
Event: 2.492 loading class org/lwjgl/opengl/AWTSurfaceLock
Event: 2.492 loading class org/lwjgl/opengl/AWTSurfaceLock done
Event: 2.494 loading class org/lwjgl/opengl/Display$7
Event: 2.494 loading class org/lwjgl/opengl/Display$7 done
Event: 2.693 loading class org/lwjgl/input/OpenGLPackageAccess$2
Event: 2.693 loading class org/lwjgl/input/OpenGLPackageAccess$2 done
Event: 2.693 loading class org/lwjgl/opengles/ContextAttribs
Event: 2.693 loading class org/lwjgl/opengles/ContextAttribs done
Event: 2.694 loading class org/lwjgl/opengl/ContextAttribs
Event: 2.694 loading class org/lwjgl/opengl/ContextAttribs done


Dynamic libraries:
0x0000000001cd1000 	/System/Library/Frameworks/Cocoa.framework/Versions/A/Cocoa
0x0000000001cd1000 	/System/Library/Frameworks/Security.framework/Versions/A/Security
0x0000000001cd1000 	/System/Library/Frameworks/ApplicationServices.framework/Versions/A/ApplicationServices
0x0000000001cd1000 	/usr/lib/libz.1.dylib
0x0000000001cd1000 	/usr/lib/libSystem.B.dylib
0x0000000001cd1000 	/usr/lib/libobjc.A.dylib
0x0000000001cd1000 	/System/Library/Frameworks/CoreFoundation.framework/Versions/A/CoreFoundation
0x0000000001cd1000 	/System/Library/Frameworks/Foundation.framework/Versions/C/Foundation
0x0000000001cd1000 	/System/Library/Frameworks/AppKit.framework/Versions/C/AppKit
0x0000000001cd1000 	/System/Library/Frameworks/CoreData.framework/Versions/A/CoreData
0x0000000001cd1000 	/System/Library/PrivateFrameworks/RemoteViewServices.framework/Versions/A/RemoteViewServices
0x0000000001cd1000 	/System/Library/Frameworks/AudioToolbox.framework/Versions/A/AudioToolbox
0x0000000001cd1000 	/System/Library/Frameworks/AudioUnit.framework/Versions/A/AudioUnit
0x0000000001cd1000 	/System/Library/PrivateFrameworks/DataDetectorsCore.framework/Versions/A/DataDetectorsCore
0x0000000001cd1000 	/System/Library/PrivateFrameworks/DesktopServicesPriv.framework/Versions/A/DesktopServicesPriv
0x0000000001cd1000 	/System/Library/Frameworks/Carbon.framework/Versions/A/Frameworks/HIToolbox.framework/Versions/A/HIToolbox
0x0000000001cd1000 	/System/Library/Frameworks/QuartzCore.framework/Versions/A/QuartzCore
0x0000000001cd1000 	/System/Library/Frameworks/Carbon.framework/Versions/A/Frameworks/SpeechRecognition.framework/Versions/A/SpeechRecognition
0x0000000001cd1000 	/usr/lib/libauto.dylib
0x0000000001cd1000 	/usr/lib/libicucore.A.dylib
0x0000000001cd1000 	/usr/lib/libxml2.2.dylib
0x0000000001cd1000 	/System/Library/PrivateFrameworks/CoreUI.framework/Versions/A/CoreUI
0x0000000001cd1000 	/System/Library/Frameworks/CoreAudio.framework/Versions/A/CoreAudio
0x0000000001cd1000 	/System/Library/Frameworks/DiskArbitration.framework/Versions/A/DiskArbitration
0x0000000001cd1000 	/usr/lib/liblangid.dylib
0x0000000001cd1000 	/System/Library/PrivateFrameworks/MultitouchSupport.framework/Versions/A/MultitouchSupport
0x0000000001cd1000 	/System/Library/Frameworks/IOKit.framework/Versions/A/IOKit
0x0000000001cd1000 	/usr/lib/libDiagnosticMessagesClient.dylib
0x0000000001cd1000 	/System/Library/Frameworks/CoreServices.framework/Versions/A/CoreServices
0x0000000001cd1000 	/System/Library/PrivateFrameworks/PerformanceAnalysis.framework/Versions/A/PerformanceAnalysis
0x0000000001cd1000 	/System/Library/PrivateFrameworks/GenerationalStorage.framework/Versions/A/GenerationalStorage
0x0000000001cd1000 	/System/Library/Frameworks/OpenGL.framework/Versions/A/OpenGL
0x0000000001cd1000 	/System/Library/PrivateFrameworks/Sharing.framework/Versions/A/Sharing
0x0000000001cd1000 	/System/Library/Frameworks/ImageIO.framework/Versions/A/ImageIO
0x0000000001cd1000 	/System/Library/Frameworks/CoreText.framework/Versions/A/CoreText
0x0000000001cd1000 	/System/Library/Frameworks/CoreGraphics.framework/Versions/A/CoreGraphics
0x0000000001cd1000 	/System/Library/PrivateFrameworks/Backup.framework/Versions/A/Backup
0x0000000001cd1000 	/System/Library/Frameworks/CFNetwork.framework/Versions/A/CFNetwork
0x0000000001cd1000 	/System/Library/Frameworks/SystemConfiguration.framework/Versions/A/SystemConfiguration
0x0000000001cd1000 	/usr/lib/libCRFSuite.dylib
0x0000000001cd1000 	/usr/lib/libc++.1.dylib
0x0000000001cd1000 	/usr/lib/libc++abi.dylib
0x0000000001cd1000 	/usr/lib/system/libcache.dylib
0x0000000001cd1000 	/usr/lib/system/libcommonCrypto.dylib
0x0000000001cd1000 	/usr/lib/system/libcompiler_rt.dylib
0x0000000001cd1000 	/usr/lib/system/libcopyfile.dylib
0x0000000001cd1000 	/usr/lib/system/libcorecrypto.dylib
0x0000000001cd1000 	/usr/lib/system/libdispatch.dylib
0x0000000001cd1000 	/usr/lib/system/libdyld.dylib
0x0000000001cd1000 	/usr/lib/system/libkeymgr.dylib
0x0000000001cd1000 	/usr/lib/system/liblaunch.dylib
0x0000000001cd1000 	/usr/lib/system/libmacho.dylib
0x0000000001cd1000 	/usr/lib/system/libquarantine.dylib
0x0000000001cd1000 	/usr/lib/system/libremovefile.dylib
0x0000000001cd1000 	/usr/lib/system/libsystem_asl.dylib
0x0000000001cd1000 	/usr/lib/system/libsystem_blocks.dylib
0x0000000001cd1000 	/usr/lib/system/libsystem_c.dylib
0x0000000001cd1000 	/usr/lib/system/libsystem_configuration.dylib
0x0000000001cd1000 	/usr/lib/system/libsystem_dnssd.dylib
0x0000000001cd1000 	/usr/lib/system/libsystem_info.dylib
0x0000000001cd1000 	/usr/lib/system/libsystem_kernel.dylib
0x0000000001cd1000 	/usr/lib/system/libsystem_m.dylib
0x0000000001cd1000 	/usr/lib/system/libsystem_malloc.dylib
0x0000000001cd1000 	/usr/lib/system/libsystem_network.dylib
0x0000000001cd1000 	/usr/lib/system/libsystem_notify.dylib
0x0000000001cd1000 	/usr/lib/system/libsystem_platform.dylib
0x0000000001cd1000 	/usr/lib/system/libsystem_pthread.dylib
0x0000000001cd1000 	/usr/lib/system/libsystem_sandbox.dylib
0x0000000001cd1000 	/usr/lib/system/libsystem_stats.dylib
0x0000000001cd1000 	/usr/lib/system/libunc.dylib
0x0000000001cd1000 	/usr/lib/system/libunwind.dylib
0x0000000001cd1000 	/usr/lib/system/libxpc.dylib
0x0000000001cd1000 	/usr/lib/libbsm.0.dylib
0x0000000001cd1000 	/usr/lib/libsqlite3.dylib
0x0000000001cd1000 	/usr/lib/libxar.1.dylib
0x0000000001cd1000 	/usr/lib/libpam.2.dylib
0x0000000001cd1000 	/usr/lib/libOpenScriptingUtil.dylib
0x0000000001cd1000 	/usr/lib/libbz2.1.0.dylib
0x0000000001cd1000 	/System/Library/Frameworks/CoreServices.framework/Versions/A/Frameworks/CarbonCore.framework/Versions/A/CarbonCore
0x0000000001cd1000 	/System/Library/Frameworks/CoreServices.framework/Versions/A/Frameworks/Metadata.framework/Versions/A/Metadata
0x0000000001cd1000 	/System/Library/Frameworks/CoreServices.framework/Versions/A/Frameworks/OSServices.framework/Versions/A/OSServices
0x0000000001cd1000 	/System/Library/Frameworks/CoreServices.framework/Versions/A/Frameworks/SearchKit.framework/Versions/A/SearchKit
0x0000000001cd1000 	/System/Library/Frameworks/CoreServices.framework/Versions/A/Frameworks/AE.framework/Versions/A/AE
0x0000000001cd1000 	/System/Library/Frameworks/CoreServices.framework/Versions/A/Frameworks/LaunchServices.framework/Versions/A/LaunchServices
0x0000000001cd1000 	/System/Library/Frameworks/CoreServices.framework/Versions/A/Frameworks/DictionaryServices.framework/Versions/A/DictionaryServices
0x0000000001cd1000 	/System/Library/Frameworks/NetFS.framework/Versions/A/NetFS
0x0000000001cd1000 	/usr/lib/system/libkxld.dylib
0x0000000001cd1000 	/System/Library/PrivateFrameworks/NetAuth.framework/Versions/A/NetAuth
0x0000000001cd1000 	/System/Library/PrivateFrameworks/TCC.framework/Versions/A/TCC
0x0000000001cd1000 	/System/Library/Frameworks/OpenDirectory.framework/Versions/A/Frameworks/CFOpenDirectory.framework/Versions/A/CFOpenDirectory
0x0000000001cd1000 	/System/Library/Frameworks/ServiceManagement.framework/Versions/A/ServiceManagement
0x0000000001cd1000 	/usr/lib/libxslt.1.dylib
0x0000000001cd1000 	/System/Library/Frameworks/Carbon.framework/Versions/A/Frameworks/Ink.framework/Versions/A/Ink
0x0000000001cd1000 	/System/Library/Frameworks/ApplicationServices.framework/Versions/A/Frameworks/ATS.framework/Versions/A/ATS
0x0000000001cd1000 	/System/Library/Frameworks/ApplicationServices.framework/Versions/A/Frameworks/ColorSync.framework/Versions/A/ColorSync
0x0000000001cd1000 	/System/Library/Frameworks/ApplicationServices.framework/Versions/A/Frameworks/HIServices.framework/Versions/A/HIServices
0x0000000001cd1000 	/System/Library/Frameworks/ApplicationServices.framework/Versions/A/Frameworks/LangAnalysis.framework/Versions/A/LangAnalysis
0x0000000001cd1000 	/System/Library/Frameworks/ApplicationServices.framework/Versions/A/Frameworks/PrintCore.framework/Versions/A/PrintCore
0x0000000001cd1000 	/System/Library/Frameworks/ApplicationServices.framework/Versions/A/Frameworks/QD.framework/Versions/A/QD
0x0000000001cd1000 	/System/Library/Frameworks/ApplicationServices.framework/Versions/A/Frameworks/SpeechSynthesis.framework/Versions/A/SpeechSynthesis
0x0000000001cd1000 	/System/Library/Frameworks/IOSurface.framework/Versions/A/IOSurface
0x0000000001cd1000 	/System/Library/Frameworks/Accelerate.framework/Versions/A/Accelerate
0x0000000001cd1000 	/System/Library/Frameworks/Accelerate.framework/Versions/A/Frameworks/vImage.framework/Versions/A/vImage
0x0000000001cd1000 	/System/Library/Frameworks/Accelerate.framework/Versions/A/Frameworks/vecLib.framework/Versions/A/vecLib
0x0000000001cd1000 	/System/Library/Frameworks/Accelerate.framework/Versions/A/Frameworks/vecLib.framework/Versions/A/libvDSP.dylib
0x0000000001cd1000 	/System/Library/Frameworks/Accelerate.framework/Versions/A/Frameworks/vecLib.framework/Versions/A/libvMisc.dylib
0x0000000001cd1000 	/System/Library/Frameworks/Accelerate.framework/Versions/A/Frameworks/vecLib.framework/Versions/A/libLAPACK.dylib
0x0000000001cd1000 	/System/Library/Frameworks/Accelerate.framework/Versions/A/Frameworks/vecLib.framework/Versions/A/libBLAS.dylib
0x0000000001cd1000 	/System/Library/Frameworks/ApplicationServices.framework/Versions/A/Frameworks/ATS.framework/Versions/A/Resources/libFontParser.dylib
0x0000000001cd1000 	/System/Library/Frameworks/ApplicationServices.framework/Versions/A/Frameworks/ATS.framework/Versions/A/Resources/libFontRegistry.dylib
0x0000000001cd1000 	/System/Library/Frameworks/ImageIO.framework/Versions/A/Resources/libJPEG.dylib
0x0000000001cd1000 	/System/Library/Frameworks/ImageIO.framework/Versions/A/Resources/libTIFF.dylib
0x0000000001cd1000 	/System/Library/Frameworks/ImageIO.framework/Versions/A/Resources/libPng.dylib
0x0000000001cd1000 	/System/Library/Frameworks/ImageIO.framework/Versions/A/Resources/libGIF.dylib
0x0000000001cd1000 	/System/Library/Frameworks/ImageIO.framework/Versions/A/Resources/libJP2.dylib
0x0000000001cd1000 	/System/Library/Frameworks/ImageIO.framework/Versions/A/Resources/libRadiance.dylib
0x0000000001cd1000 	/usr/lib/libcups.2.dylib
0x0000000001cd1000 	/System/Library/Frameworks/Kerberos.framework/Versions/A/Kerberos
0x0000000001cd1000 	/System/Library/Frameworks/GSS.framework/Versions/A/GSS
0x0000000001cd1000 	/usr/lib/libresolv.9.dylib
0x0000000001cd1000 	/usr/lib/libiconv.2.dylib
0x0000000001cd1000 	/System/Library/PrivateFrameworks/Heimdal.framework/Versions/A/Heimdal
0x0000000001cd1000 	/System/Library/PrivateFrameworks/TrustEvaluationAgent.framework/Versions/A/TrustEvaluationAgent
0x0000000001cd1000 	/usr/lib/libheimdal-asn1.dylib
0x0000000001cd1000 	/System/Library/Frameworks/OpenDirectory.framework/Versions/A/OpenDirectory
0x0000000001cd1000 	/System/Library/PrivateFrameworks/CommonAuth.framework/Versions/A/CommonAuth
0x0000000001cd1000 	/System/Library/Frameworks/SecurityFoundation.framework/Versions/A/SecurityFoundation
0x0000000001cd1000 	/System/Library/PrivateFrameworks/Bom.framework/Versions/A/Bom
0x0000000001cd1000 	/System/Library/Frameworks/CoreVideo.framework/Versions/A/CoreVideo
0x0000000001cd1000 	/System/Library/Frameworks/QuartzCore.framework/Versions/A/Frameworks/CoreImage.framework/Versions/A/CoreImage
0x0000000001cd1000 	/System/Library/Frameworks/QuartzCore.framework/Versions/A/Frameworks/ScalableUserInterface.framework/Versions/A/ScalableUserInterface
0x0000000001cd1000 	/System/Library/Frameworks/OpenGL.framework/Versions/A/Libraries/libGLU.dylib
0x0000000001cd1000 	/System/Library/Frameworks/OpenGL.framework/Versions/A/Libraries/libGFXShared.dylib
0x0000000001cd1000 	/System/Library/Frameworks/OpenGL.framework/Versions/A/Libraries/libGL.dylib
0x0000000001cd1000 	/System/Library/Frameworks/OpenGL.framework/Versions/A/Libraries/libGLImage.dylib
0x0000000001cd1000 	/System/Library/Frameworks/OpenGL.framework/Versions/A/Libraries/libCVMSPluginSupport.dylib
0x0000000001cd1000 	/System/Library/Frameworks/OpenGL.framework/Versions/A/Libraries/libCoreVMClient.dylib
0x0000000001cd1000 	/System/Library/PrivateFrameworks/FaceCore.framework/Versions/A/FaceCore
0x0000000001cd1000 	/System/Library/PrivateFrameworks/CrashReporterSupport.framework/Versions/A/CrashReporterSupport
0x0000000001cd1000 	/System/Library/Frameworks/OpenCL.framework/Versions/A/OpenCL
0x0000000001cd1000 	/System/Library/PrivateFrameworks/AppleFSCompression.framework/Versions/A/AppleFSCompression
0x0000000001cd1000 	/System/Library/PrivateFrameworks/Ubiquity.framework/Versions/A/Ubiquity
0x0000000001cd1000 	/System/Library/PrivateFrameworks/IconServices.framework/Versions/A/IconServices
0x0000000001cd1000 	/System/Library/PrivateFrameworks/ChunkingLibrary.framework/Versions/A/ChunkingLibrary
0x0000000001cd1000 	/System/Library/PrivateFrameworks/CoreSymbolication.framework/Versions/A/CoreSymbolication
0x0000000001cd1000 	/System/Library/PrivateFrameworks/Symbolication.framework/Versions/A/Symbolication
0x0000000001cd1000 	/System/Library/PrivateFrameworks/DebugSymbols.framework/Versions/A/DebugSymbols
0x000000010ce00000 	/Library/Java/JavaVirtualMachines/jdk1.8.0_45.jdk/Contents/Home/jre/lib/server/libjvm.dylib
0x0000000001cd1000 	/usr/lib/libstdc++.6.dylib
0x000000010c5ae000 	/Library/Java/JavaVirtualMachines/jdk1.8.0_45.jdk/Contents/Home/jre/lib/libverify.dylib
0x000000010c5bc000 	/Library/Java/JavaVirtualMachines/jdk1.8.0_45.jdk/Contents/Home/jre/lib/libjava.dylib
0x000000010de6c000 	/Library/Java/JavaVirtualMachines/jdk1.8.0_45.jdk/Contents/Home/jre/lib/libzip.dylib
0x0000000121983000 	/System/Library/Frameworks/JavaVM.framework/Frameworks/JavaRuntimeSupport.framework/JavaRuntimeSupport
0x000000012199b000 	/System/Library/Frameworks/JavaVM.framework/Versions/A/Frameworks/JavaNativeFoundation.framework/Versions/A/JavaNativeFoundation
0x00000001219b0000 	/System/Library/Frameworks/JavaVM.framework/Versions/A/JavaVM
0x0000000001cd1000 	/System/Library/Frameworks/Carbon.framework/Versions/A/Carbon
0x00000001219bd000 	/System/Library/PrivateFrameworks/JavaLaunching.framework/Versions/A/JavaLaunching
0x0000000001cd1000 	/System/Library/Frameworks/Carbon.framework/Versions/A/Frameworks/CommonPanels.framework/Versions/A/CommonPanels
0x0000000001cd1000 	/System/Library/Frameworks/Carbon.framework/Versions/A/Frameworks/Help.framework/Versions/A/Help
0x0000000001cd1000 	/System/Library/Frameworks/Carbon.framework/Versions/A/Frameworks/ImageCapture.framework/Versions/A/ImageCapture
0x0000000001cd1000 	/System/Library/Frameworks/Carbon.framework/Versions/A/Frameworks/OpenScripting.framework/Versions/A/OpenScripting
0x0000000001cd1000 	/System/Library/Frameworks/Carbon.framework/Versions/A/Frameworks/Print.framework/Versions/A/Print
0x0000000001cd1000 	/System/Library/Frameworks/Carbon.framework/Versions/A/Frameworks/SecurityHI.framework/Versions/A/SecurityHI
0x000000012215b000 	/private/var/folders/ph/7005k4tj46l60vg_2fvb5dj40000gn/T/libgdxkottlerg/d8ae55ed/libgdx64.dylib
0x00000001221a0000 	/Library/Java/JavaVirtualMachines/jdk1.8.0_45.jdk/Contents/Home/jre/lib/libawt.dylib
0x0000000122248000 	/Library/Java/JavaVirtualMachines/jdk1.8.0_45.jdk/Contents/Home/jre/lib/./libmlib_image.dylib
0x0000000122314000 	/Library/Java/JavaVirtualMachines/jdk1.8.0_45.jdk/Contents/Home/jre/lib/libawt_lwawt.dylib
0x00000001223c8000 	/Library/Java/JavaVirtualMachines/jdk1.8.0_45.jdk/Contents/Home/jre/lib/./libosxapp.dylib
0x0000000001cd1000 	/System/Library/Frameworks/ExceptionHandling.framework/Versions/A/ExceptionHandling
0x0000000001cd1000 	/System/Library/PrivateFrameworks/CoreServicesInternal.framework/Versions/A/CoreServicesInternal
0x0000000001cd1000 	/System/Library/PrivateFrameworks/Librarian.framework/Versions/A/Librarian
0x0000000001cd1000 	/System/Library/Frameworks/CoreGraphics.framework/Versions/A/Resources/libCGCMS.A.dylib
0x0000000001cd1000 	/System/Library/Frameworks/CoreGraphics.framework/Versions/A/Resources/libRIP.A.dylib
0x0000000001cd1000 	/System/Library/Frameworks/CoreGraphics.framework/Versions/A/Resources/libCGXType.A.dylib
0x0000000001cd1000 	/System/Library/PrivateFrameworks/FamilyControls.framework/Versions/A/FamilyControls
0x0000000001cd1000 	/System/Library/PrivateFrameworks/CommerceKit.framework/Versions/A/Frameworks/CommerceCore.framework/Versions/A/CommerceCore
0x0000000001cd1000 	/System/Library/PrivateFrameworks/SystemAdministration.framework/Versions/A/SystemAdministration
0x0000000001cd1000 	/System/Library/Frameworks/DirectoryService.framework/Versions/A/DirectoryService
0x0000000001cd1000 	/System/Library/PrivateFrameworks/DiskImages.framework/Versions/A/DiskImages
0x0000000001cd1000 	/System/Library/PrivateFrameworks/LoginUIKit.framework/Versions/A/Frameworks/LoginUICore.framework/Versions/A/LoginUICore
0x0000000001cd1000 	/usr/lib/libCoreStorage.dylib
0x0000000001cd1000 	/usr/lib/libcsfde.dylib
0x0000000001cd1000 	/usr/lib/libodfde.dylib
0x0000000001cd1000 	/System/Library/Frameworks/DiscRecording.framework/Versions/A/DiscRecording
0x0000000001cd1000 	/usr/lib/libcurl.4.dylib
0x0000000001cd1000 	/System/Library/PrivateFrameworks/MediaKit.framework/Versions/A/MediaKit
0x0000000001cd1000 	/System/Library/PrivateFrameworks/EFILogin.framework/Versions/A/EFILogin
0x0000000001cd1000 	/usr/lib/libutil.dylib
0x0000000001cd1000 	/System/Library/PrivateFrameworks/AOSNotification.framework/Versions/A/AOSNotification
0x0000000001cd1000 	/System/Library/Frameworks/LDAP.framework/Versions/A/LDAP
0x0000000001cd1000 	/usr/lib/libsasl2.2.dylib
0x0000000001cd1000 	/usr/lib/libcrypto.0.9.8.dylib
0x0000000001cd1000 	/usr/lib/libssl.0.9.8.dylib
0x00000001263c9000 	/Library/Java/JavaVirtualMachines/jdk1.8.0_45.jdk/Contents/Home/jre/lib/libfontmanager.dylib
0x0000000126430000 	/private/var/folders/ph/7005k4tj46l60vg_2fvb5dj40000gn/T/libgdxkottlerg/f7649394/liblwjgl.dylib
0x0000000123c54000 	/Library/Java/JavaVirtualMachines/jdk1.8.0_45.jdk/Contents/Home/jre/lib/libjawt.dylib
0x00000001264b2000 	/var/folders/ph/7005k4tj46l60vg_2fvb5dj40000gn/T/libgdxkottlerg/f7649394/openal.dylib
0x000000012650e000 	/System/Library/Components/CoreAudio.component/Contents/MacOS/CoreAudio
0x000000012678a000 	/System/Library/Extensions/AppleHDA.kext/Contents/PlugIns/AppleHDAHALPlugIn.bundle/Contents/MacOS/AppleHDAHALPlugIn
0x0000000001cd1000 	/System/Library/Frameworks/OpenGL.framework/Versions/A/Resources/GLEngine.bundle/GLEngine
0x0000000001cd1000 	/System/Library/Frameworks/OpenGL.framework/Versions/A/Libraries/libGLProgrammability.dylib
0x0000000000000000 	/System/Library/Extensions/AppleIntelHD5000GraphicsGLDriver.bundle/Contents/MacOS/AppleIntelHD5000GraphicsGLDriver
0x0000000001cd1000 	/System/Library/PrivateFrameworks/IOAccelerator.framework/Versions/A/IOAccelerator
0x0000000001cd1000 	/System/Library/PrivateFrameworks/GPUSupport.framework/Versions/A/Libraries/libGPUSupportMercury.dylib
0x0000000001cd1000 	/System/Library/Frameworks/OpenGL.framework/Versions/A/Resources/GLRendererFloat.bundle/GLRendererFloat
0x0000000001cd1000 	/System/Library/Frameworks/OpenCL.framework/Versions/A/Libraries/libcldcpuengine.dylib
0x00000001271a7000 	cl_kernels
0x00000001271aa000 	/System/Library/Frameworks/OpenCL.framework/Versions/A/Libraries/ImageFormats/unorm8_bgra.dylib
0x00000001272d5000 	cl_kernels

VM Arguments:
jvm_args: -Dfile.encoding=UTF-8 
java_command: com.gk.blockbunny.main.BlockBunnyDesktop
java_class_path (initial): /Users/kottlerg/Documents/workspace/BlockBunny/bin:/Users/kottlerg/Documents/workspace/BlockBunny/libs/gdx-backend-lwjgl-natives.jar:/Users/kottlerg/Documents/workspace/BlockBunny/libs/gdx-backend-lwjgl.jar:/Users/kottlerg/Documents/workspace/BlockBunny/libs/gdx-natives.jar:/Users/kottlerg/Documents/workspace/BlockBunny/libs/gdx.jar:/Users/kottlerg/Documents/workspace/BlockBunny/libs/gdx-box2d-natives.jar:/Users/kottlerg/Documents/workspace/BlockBunny/libs/gdx-box2d.jar
Launcher Type: SUN_STANDARD

Environment Variables:
PATH=/usr/bin:/bin:/usr/sbin:/sbin
SHELL=/bin/bash

Signal Handlers:
SIGSEGV: [libjvm.dylib+0x58ef95], sa_mask[0]=11111111011111110111111111111111, sa_flags=SA_ONSTACK|SA_RESTART|SA_SIGINFO
SIGBUS: [libjvm.dylib+0x58ef95], sa_mask[0]=11111111011111110111111111111111, sa_flags=SA_RESTART|SA_SIGINFO
SIGFPE: [libjvm.dylib+0x46c108], sa_mask[0]=11111111011111110111111111111111, sa_flags=SA_RESTART|SA_SIGINFO
SIGPIPE: [libjvm.dylib+0x46c108], sa_mask[0]=11111111011111110111111111111111, sa_flags=SA_RESTART|SA_SIGINFO
SIGXFSZ: [libjvm.dylib+0x46c108], sa_mask[0]=11111111011111110111111111111111, sa_flags=SA_RESTART|SA_SIGINFO
SIGILL: [libjvm.dylib+0x46c108], sa_mask[0]=11111111011111110111111111111111, sa_flags=SA_RESTART|SA_SIGINFO
SIGUSR1: SIG_DFL, sa_mask[0]=00000000000000000000000000000000, sa_flags=SA_RESTART
SIGUSR2: [libjvm.dylib+0x46bc26], sa_mask[0]=00100000000000000000000000000000, sa_flags=SA_RESTART|SA_SIGINFO
SIGHUP: [libjvm.dylib+0x46a1f9], sa_mask[0]=11111111011111110111111111111111, sa_flags=SA_RESTART|SA_SIGINFO
SIGINT: [libjvm.dylib+0x46a1f9], sa_mask[0]=11111111011111110111111111111111, sa_flags=SA_RESTART|SA_SIGINFO
SIGTERM: [libjvm.dylib+0x46a1f9], sa_mask[0]=11111111011111110111111111111111, sa_flags=SA_RESTART|SA_SIGINFO
SIGQUIT: [libjvm.dylib+0x46a1f9], sa_mask[0]=11111111011111110111111111111111, sa_flags=SA_RESTART|SA_SIGINFO


---------------  S Y S T E M  ---------------

OS:Bsduname:Darwin 13.4.0 Darwin Kernel Version 13.4.0: Sun Aug 17 19:50:11 PDT 2014; root:xnu-2422.115.4~1/RELEASE_X86_64 x86_64
rlimit: STACK 8192k, CORE 0k, NPROC 709, NOFILE 10240, AS infinity
load average:1.77 1.78 1.68

CPU:total 4 (2 cores per cpu, 2 threads per core) family 6 model 69 stepping 1, cmov, cx8, fxsr, mmx, sse, sse2, sse3, ssse3, sse4.1, sse4.2, popcnt, avx, avx2, aes, clmul, erms, lzcnt, ht, tsc, tscinvbit, bmi1, bmi2

Memory: 4k page, physical 4194304k(255976k free)

/proc/meminfo:


vm_info: Java HotSpot(TM) 64-Bit Server VM (25.45-b02) for bsd-amd64 JRE (1.8.0_45-b14), built on Apr 10 2015 10:46:38 by "java_re" with gcc 4.2.1 (Based on Apple Inc. build 5658) (LLVM build 2336.11.00)

time: Thu Jul  9 06:08:19 2015
elapsed time: 2 seconds (0d 0h 0m 2s)

